<?xml version="1.0" encoding="UTF-8"?>
<!-- Generated by org.testng.reporters.JUnitXMLReporter -->
<testsuite ignored="23" hostname="Adhinash-3MDQMOU0" failures="1" tests="1" name="Test" time="4.099" errors="0" timestamp="2024-05-02T23:19:58 IST">
  <testcase classname="TestingScripts.BooksTest" name="books_001" time="3.977">
    <failure type="org.openqa.selenium.WebDriverException" message="unknown error: net::ERR_INTERNET_DISCONNECTED
  (Session info: chrome=124.0.6367.91)
Build info: version: &amp;apos;4.18.1&amp;apos;, revision: &amp;apos;b1d3319b48&amp;apos;
System info: os.name: &amp;apos;Windows 11&amp;apos;, os.arch: &amp;apos;amd64&amp;apos;, os.version: &amp;apos;10.0&amp;apos;, java.version: &amp;apos;17.0.6&amp;apos;
Driver info: org.openqa.selenium.chrome.ChromeDriver
Command: [cdc78b39d2af697ae69a1be83df64291, get {url=https://demowebshop.tricentis.com/}]
Capabilities {acceptInsecureCerts: false, browserName: chrome, browserVersion: 124.0.6367.91, chrome: {chromedriverVersion: 124.0.6367.91 (51df0e5e17a8..., userDataDir: C:\Users\ADHINASH\AppData\L...}, fedcm:accounts: true, goog:chromeOptions: {debuggerAddress: localhost:51773}, networkConnectionEnabled: false, pageLoadStrategy: normal, platformName: windows, proxy: Proxy(), se:cdp: ws://localhost:51773/devtoo..., se:cdpVersion: 124.0.6367.91, setWindowRect: true, strictFileInteractability: false, timeouts: {implicit: 0, pageLoad: 300000, script: 30000}, unhandledPromptBehavior: dismiss and notify, webauthn:extension:credBlob: true, webauthn:extension:largeBlob: true, webauthn:extension:minPinLength: true, webauthn:extension:prf: true, webauthn:virtualAuthenticators: true}
Session ID: cdc78b39d2af697ae69a1be83df64291">
      <![CDATA[org.openqa.selenium.WebDriverException: unknown error: net::ERR_INTERNET_DISCONNECTED
  (Session info: chrome=124.0.6367.91)
Build info: version: '4.18.1', revision: 'b1d3319b48'
System info: os.name: 'Windows 11', os.arch: 'amd64', os.version: '10.0', java.version: '17.0.6'
Driver info: org.openqa.selenium.chrome.ChromeDriver
Command: [cdc78b39d2af697ae69a1be83df64291, get {url=https://demowebshop.tricentis.com/}]
Capabilities {acceptInsecureCerts: false, browserName: chrome, browserVersion: 124.0.6367.91, chrome: {chromedriverVersion: 124.0.6367.91 (51df0e5e17a8..., userDataDir: C:\Users\ADHINASH\AppData\L...}, fedcm:accounts: true, goog:chromeOptions: {debuggerAddress: localhost:51773}, networkConnectionEnabled: false, pageLoadStrategy: normal, platformName: windows, proxy: Proxy(), se:cdp: ws://localhost:51773/devtoo..., se:cdpVersion: 124.0.6367.91, setWindowRect: true, strictFileInteractability: false, timeouts: {implicit: 0, pageLoad: 300000, script: 30000}, unhandledPromptBehavior: dismiss and notify, webauthn:extension:credBlob: true, webauthn:extension:largeBlob: true, webauthn:extension:minPinLength: true, webauthn:extension:prf: true, webauthn:virtualAuthenticators: true}
Session ID: cdc78b39d2af697ae69a1be83df64291
at org.openqa.selenium.remote.ErrorCodec.decode(ErrorCodec.java:167)
at org.openqa.selenium.remote.codec.w3c.W3CHttpResponseCodec.decode(W3CHttpResponseCodec.java:138)
at org.openqa.selenium.remote.codec.w3c.W3CHttpResponseCodec.decode(W3CHttpResponseCodec.java:50)
at org.openqa.selenium.remote.HttpCommandExecutor.execute(HttpCommandExecutor.java:190)
at org.openqa.selenium.remote.service.DriverCommandExecutor.invokeExecute(DriverCommandExecutor.java:216)
at org.openqa.selenium.remote.service.DriverCommandExecutor.execute(DriverCommandExecutor.java:174)
at org.openqa.selenium.remote.RemoteWebDriver.execute(RemoteWebDriver.java:519)
at org.openqa.selenium.remote.RemoteWebDriver.get(RemoteWebDriver.java:301)
at TestingScripts.BooksTest.books_001(BooksTest.java:20)
at java.base/java.util.ArrayList.forEach(ArrayList.java:1511)
... Removed 32 stack frames]]>
    </failure>
  </testcase> <!-- books_001 -->
  <testcase classname="TestingScripts.DependsOnMehodsTest" name="Payment" time="0.0">
    <ignored/>
  </testcase> <!-- Payment -->
  <testcase classname="TestingScripts.DependsOnMehodsTest" name="Login" time="0.0">
    <ignored/>
  </testcase> <!-- Login -->
  <testcase classname="StylespaFurnitureTest.RegisterTest" name="Register" time="0.0">
    <ignored/>
  </testcase> <!-- Register -->
  <testcase classname="TestingScripts.InvocationCount" name="ConfirmOrder" time="0.0">
    <ignored/>
  </testcase> <!-- ConfirmOrder -->
  <testcase classname="StylespaFurnitureTest.WishlistTest" name="Wishlist" time="0.0">
    <ignored/>
  </testcase> <!-- Wishlist -->
  <testcase classname="TestingScripts.DependsOnMehodsTest" name="AddToCart" time="0.0">
    <ignored/>
  </testcase> <!-- AddToCart -->
  <testcase classname="StylespaFurnitureTest.PlaceOrderTest" name="Login" time="0.0">
    <ignored/>
  </testcase> <!-- Login -->
  <testcase classname="TestingScripts.InvocationCount" name="AddToCart" time="0.0">
    <ignored/>
  </testcase> <!-- AddToCart -->
  <testcase classname="StylespaFurnitureTest.AddToCartTest" name="AddToCart" time="0.0">
    <ignored/>
  </testcase> <!-- AddToCart -->
  <testcase classname="TestingScripts.ElectronicsTest" name="ConfirmOrder" time="0.0">
    <ignored/>
  </testcase> <!-- ConfirmOrder -->
  <testcase classname="TestingScripts.ElectronicsTest" name="Login" time="0.0">
    <ignored/>
  </testcase> <!-- Login -->
  <testcase classname="TestingScripts.DependsOnMehodsTest" name="ConfirmOrder" time="0.0">
    <ignored/>
  </testcase> <!-- ConfirmOrder -->
  <testcase classname="TestingScripts.RegisterTest" name="register_test001" time="0.0">
    <ignored/>
  </testcase> <!-- register_test001 -->
  <testcase classname="TestingScripts.ElectronicsTest" name="AddToCart" time="0.0">
    <ignored/>
  </testcase> <!-- AddToCart -->
  <testcase classname="StylespaFurnitureTest.LoginTest" name="Login" time="0.0">
    <ignored/>
  </testcase> <!-- Login -->
  <testcase classname="TestingScripts.DependsOnMehodsTest" name="Register" time="0.0">
    <ignored/>
  </testcase> <!-- Register -->
  <testcase classname="TestingScripts.ElectronicsTest" name="Payment" time="0.0">
    <ignored/>
  </testcase> <!-- Payment -->
  <testcase classname="TestingScripts.RegisterTest" name="register_test002" time="0.0">
    <ignored/>
  </testcase> <!-- register_test002 -->
  <testcase classname="StylespaFurnitureTest.PromotionalCodeTest" name="PromotionalCode" time="0.0">
    <ignored/>
  </testcase> <!-- PromotionalCode -->
  <testcase classname="TestingScripts.InvocationCount" name="Register" time="0.0">
    <ignored/>
  </testcase> <!-- Register -->
  <testcase classname="TestingScripts.ElectronicsTest" name="Register" time="0.0">
    <ignored/>
  </testcase> <!-- Register -->
  <testcase classname="TestingScripts.InvocationCount" name="Login" time="0.0">
    <ignored/>
  </testcase> <!-- Login -->
  <testcase classname="TestingScripts.InvocationCount" name="Payment" time="0.0">
    <ignored/>
  </testcase> <!-- Payment -->
</testsuite> <!-- Test -->
