<?xml version="1.0" encoding="UTF-8"?>
<testng-results ignored="0" total="1" passed="0" failed="1" skipped="0">
  <reporter-output>
  </reporter-output>
  <suite started-at="2024-05-04T16:10:27 IST" name="Default suite" finished-at="2024-05-04T16:10:34 IST" duration-ms="7036">
    <groups>
    </groups>
    <test started-at="2024-05-04T16:10:27 IST" name="Default test" finished-at="2024-05-04T16:10:34 IST" duration-ms="7036">
      <class name="TestingScripts.BooksTitleReportTest">
        <test-method is-config="true" signature="bs()[pri:0, instance:TestingScripts.BooksTitleReportTest@7b98f307]" started-at="2024-05-04T16:10:27 IST" name="bs" finished-at="2024-05-04T16:10:27 IST" duration-ms="176" status="PASS">
          <reporter-output>
          </reporter-output>
        </test-method> <!-- bs -->
        <test-method is-config="true" signature="LaunchBrowser()[pri:0, instance:TestingScripts.BooksTitleReportTest@7b98f307]" started-at="2024-05-04T16:10:27 IST" name="LaunchBrowser" finished-at="2024-05-04T16:10:27 IST" duration-ms="1" status="PASS">
          <reporter-output>
          </reporter-output>
        </test-method> <!-- LaunchBrowser -->
        <test-method is-config="true" signature="bc()[pri:0, instance:TestingScripts.BooksTitleReportTest@7b98f307]" started-at="2024-05-04T16:10:27 IST" name="bc" finished-at="2024-05-04T16:10:33 IST" duration-ms="6073" status="PASS">
          <reporter-output>
          </reporter-output>
        </test-method> <!-- bc -->
        <test-method is-config="true" signature="login(java.lang.reflect.Method)[pri:0, instance:TestingScripts.BooksTitleReportTest@7b98f307]" started-at="2024-05-04T16:10:33 IST" name="login" finished-at="2024-05-04T16:10:33 IST" duration-ms="44" status="PASS">
          <params>
            <param index="0">
              <value>
                <![CDATA[public void TestingScripts.BooksTitleReportTest.BooksTitleReportTest()]]>
              </value>
            </param>
          </params>
          <reporter-output>
          </reporter-output>
        </test-method> <!-- login -->
        <test-method signature="BooksTitleReportTest()[pri:0, instance:TestingScripts.BooksTitleReportTest@7b98f307]" started-at="2024-05-04T16:10:33 IST" name="BooksTitleReportTest" finished-at="2024-05-04T16:10:34 IST" duration-ms="855" status="FAIL">
          <exception class="java.lang.AssertionError">
            <message>
              <![CDATA[expected [BOOKS] but found [Books]]]>
            </message>
            <full-stacktrace>
              <![CDATA[java.lang.AssertionError: expected [BOOKS] but found [Books]
at org.testng.Assert.fail(Assert.java:111)
at org.testng.Assert.failNotEquals(Assert.java:1578)
at org.testng.Assert.assertEqualsImpl(Assert.java:150)
at org.testng.Assert.assertEquals(Assert.java:132)
at org.testng.Assert.assertEquals(Assert.java:656)
at org.testng.Assert.assertEquals(Assert.java:666)
at TestingScripts.BooksTitleReportTest.BooksTitleReportTest(BooksTitleReportTest.java:21)
at java.base/jdk.internal.reflect.NativeMethodAccessorImpl.invoke0(Native Method)
at java.base/jdk.internal.reflect.NativeMethodAccessorImpl.invoke(NativeMethodAccessorImpl.java:77)
at java.base/jdk.internal.reflect.DelegatingMethodAccessorImpl.invoke(DelegatingMethodAccessorImpl.java:43)
at java.base/java.lang.reflect.Method.invoke(Method.java:568)
at org.testng.internal.invokers.MethodInvocationHelper.invokeMethod(MethodInvocationHelper.java:139)
at org.testng.internal.invokers.TestInvoker.invokeMethod(TestInvoker.java:664)
at org.testng.internal.invokers.TestInvoker.invokeTestMethod(TestInvoker.java:227)
at org.testng.internal.invokers.MethodRunner.runInSequence(MethodRunner.java:50)
at org.testng.internal.invokers.TestInvoker$MethodInvocationAgent.invoke(TestInvoker.java:957)
at org.testng.internal.invokers.TestInvoker.invokeTestMethods(TestInvoker.java:200)
at org.testng.internal.invokers.TestMethodWorker.invokeTestMethods(TestMethodWorker.java:148)
at org.testng.internal.invokers.TestMethodWorker.run(TestMethodWorker.java:128)
at java.base/java.util.ArrayList.forEach(ArrayList.java:1511)
at org.testng.TestRunner.privateRun(TestRunner.java:848)
at org.testng.TestRunner.run(TestRunner.java:621)
at org.testng.SuiteRunner.runTest(SuiteRunner.java:443)
at org.testng.SuiteRunner.runSequentially(SuiteRunner.java:437)
at org.testng.SuiteRunner.privateRun(SuiteRunner.java:397)
at org.testng.SuiteRunner.run(SuiteRunner.java:336)
at org.testng.SuiteRunnerWorker.runSuite(SuiteRunnerWorker.java:52)
at org.testng.SuiteRunnerWorker.run(SuiteRunnerWorker.java:95)
at org.testng.TestNG.runSuitesSequentially(TestNG.java:1280)
at org.testng.TestNG.runSuitesLocally(TestNG.java:1200)
at org.testng.TestNG.runSuites(TestNG.java:1114)
at org.testng.TestNG.run(TestNG.java:1082)
at org.testng.remote.AbstractRemoteTestNG.run(AbstractRemoteTestNG.java:115)
at org.testng.remote.RemoteTestNG.initAndRun(RemoteTestNG.java:293)
at org.testng.remote.RemoteTestNG.main(RemoteTestNG.java:91)
]]>
            </full-stacktrace>
          </exception> <!-- java.lang.AssertionError -->
          <reporter-output>
          </reporter-output>
        </test-method> <!-- BooksTitleReportTest -->
        <test-method is-config="true" signature="logout()[pri:0, instance:TestingScripts.BooksTitleReportTest@7b98f307]" started-at="2024-05-04T16:10:34 IST" name="logout" finished-at="2024-05-04T16:10:34 IST" duration-ms="3" status="PASS">
          <reporter-output>
          </reporter-output>
        </test-method> <!-- logout -->
        <test-method is-config="true" signature="Ac()[pri:0, instance:TestingScripts.BooksTitleReportTest@7b98f307]" started-at="2024-05-04T16:10:34 IST" name="Ac" finished-at="2024-05-04T16:10:34 IST" duration-ms="0" status="PASS">
          <reporter-output>
          </reporter-output>
        </test-method> <!-- Ac -->
        <test-method is-config="true" signature="At()[pri:0, instance:TestingScripts.BooksTitleReportTest@7b98f307]" started-at="2024-05-04T16:10:34 IST" name="At" finished-at="2024-05-04T16:10:34 IST" duration-ms="1" status="PASS">
          <reporter-output>
          </reporter-output>
        </test-method> <!-- At -->
        <test-method is-config="true" signature="AS()[pri:0, instance:TestingScripts.BooksTitleReportTest@7b98f307]" started-at="2024-05-04T16:10:34 IST" name="AS" finished-at="2024-05-04T16:10:34 IST" duration-ms="227" status="PASS">
          <reporter-output>
          </reporter-output>
        </test-method> <!-- AS -->
      </class> <!-- TestingScripts.BooksTitleReportTest -->
    </test> <!-- Default test -->
  </suite> <!-- Default suite -->
</testng-results>
